<?xml version="1.0" encoding="utf-8"?><testsuites name="pytest tests"><testsuite name="pytest" errors="0" failures="0" skipped="0" tests="12" time="1.390" timestamp="2026-04-26T16:25:45.185477+00:00" hostname="agent-env-e3b6c796-deef-4000-8451-aa6cf3c0a9ff"><testcase classname="backend.tests.test_devasaya_api" name="test_root_greeting" time="0.279" /><testcase classname="backend.tests.test_devasaya_api" name="test_products_seeded" time="0.048" /><testcase classname="backend.tests.test_devasaya_api" name="test_products_filter_sarees" time="0.047" /><testcase classname="backend.tests.test_devasaya_api" name="test_products_filter_featured" time="0.048" /><testcase classname="backend.tests.test_devasaya_api" name="test_products_filter_all" time="0.049" /><testcase classname="backend.tests.test_devasaya_api" name="test_product_detail_and_404" time="0.149" /><testcase classname="backend.tests.test_devasaya_api" name="test_product_create_and_delete" time="0.225" /><testcase classname="backend.tests.test_devasaya_api" name="test_journal_seeded" time="0.045" /><testcase classname="backend.tests.test_devasaya_api" name="test_journal_detail" time="0.096" /><testcase classname="backend.tests.test_devasaya_api" name="test_journal_create_and_delete" time="0.091" /><testcase classname="backend.tests.test_devasaya_api" name="test_contact_submission" time="0.053" /><testcase classname="backend.tests.test_devasaya_api" name="test_newsletter_idempotent" time="0.109" /></testsuite></testsuites>